<?xml version="1.0" encoding="UTF-8"?>
<!-- Generated by org.testng.reporters.JUnitReportReporter -->
<testsuite hostname="Gokul" failures="0" tests="1" name="com.crm.qa.testcases.LoginPageTest" time="26.061" errors="0" timestamp="2023-03-19T13:50:48 IST" skipped="0">
  <testcase classname="com.crm.qa.testcases.LoginPageTest" name="loginPageTitleTest" time="26.061"/>
  <system-out/>
</testsuite> <!-- com.crm.qa.testcases.LoginPageTest -->
