<?xml version="1.0" encoding="UTF-8"?>
<!-- Generated by org.testng.reporters.JUnitReportReporter -->
<testsuite hostname="Gokul" failures="0" tests="1" name="com.crm.qa.testcases.DesktopPageTest" time="19.321" errors="0" timestamp="2023-03-20T09:07:54 IST" skipped="0">
  <testcase classname="com.crm.qa.testcases.DesktopPageTest" name="desktopPageProductCountTest" time="19.321"/>
  <system-out/>
</testsuite> <!-- com.crm.qa.testcases.DesktopPageTest -->
