<?xml version="1.0" encoding="UTF-8"?>
<!-- Generated by org.testng.reporters.JUnitReportReporter -->
<testsuite hostname="Gokul" failures="0" tests="1" name="com.crm.qa.testcases.LoginPageTest" time="65.925" errors="0" timestamp="2023-02-08T20:31:25 IST" skipped="0">
  <testcase classname="com.crm.qa.testcases.LoginPageTest" name="loginPageTitleTest" time="65.925"/>
  <system-out/>
</testsuite> <!-- com.crm.qa.testcases.LoginPageTest -->
