<?xml version="1.0" encoding="UTF-8"?>
<!-- Generated by org.testng.reporters.JUnitReportReporter -->
<testsuite hostname="Gokul" failures="0" tests="1" name="com.crm.qa.testcases.HomePageTest" time="38.657" errors="0" timestamp="2023-01-17T18:55:44 IST" skipped="0">
  <testcase classname="com.crm.qa.testcases.HomePageTest" name="verifyHomePageTitleTest" time="38.657"/>
  <system-out/>
</testsuite> <!-- com.crm.qa.testcases.HomePageTest -->
